<?xml version="1.0" encoding="UTF-8"?>
<!-- Generated by org.testng.reporters.JUnitReportReporter -->
<testsuite hostname="DESKTOP-HA9J99N" failures="0" tests="1" name="com.day3.LoggingDemo" time="2.868" errors="0" timestamp="2024-04-04T19:12:19 IST" skipped="0">
  <testcase classname="com.day3.LoggingDemo" name="testLog" time="2.868"/>
  <system-out/>
</testsuite> <!-- com.day3.LoggingDemo -->
