<?xml version="1.0" encoding="UTF-8"?>
<!-- Generated by org.testng.reporters.JUnitReportReporter -->
<testsuite hostname="DESKTOP-HA9J99N" failures="0" tests="2" name="com.day3.HeadesrDemo" time="4.695" errors="0" timestamp="2024-04-04T19:05:38 IST" skipped="0">
  <testcase classname="com.day3.HeadesrDemo" name="testHeaders" time="4.386"/>
  <system-out/>
  <testcase classname="com.day3.HeadesrDemo" name="getHeaders" time="0.309"/>
  <system-out/>
</testsuite> <!-- com.day3.HeadesrDemo -->
